[2024-09-14T16:29:52.919+0000] {processor.py:186} INFO - Started process (PID=201) to work on /opt/airflow/dags/deploy_dw.py
[2024-09-14T16:29:52.920+0000] {processor.py:914} INFO - Processing file /opt/airflow/dags/deploy_dw.py for tasks to queue
[2024-09-14T16:29:52.922+0000] {logging_mixin.py:190} INFO - [2024-09-14T16:29:52.922+0000] {dagbag.py:587} INFO - Filling up the DagBag from /opt/airflow/dags/deploy_dw.py
[2024-09-14T16:29:52.958+0000] {logging_mixin.py:190} INFO - [2024-09-14T16:29:52.957+0000] {graph.py:471} INFO - Trying to parse the dbt project using dbt ls cache cosmos_cache__basic_cosmos_task_group__snowflake_transform...
[2024-09-14T16:29:52.969+0000] {logging_mixin.py:190} INFO - [2024-09-14T16:29:52.969+0000] {graph.py:477} INFO - Cosmos performance: Cache miss for cosmos_cache__basic_cosmos_task_group__snowflake_transform
[2024-09-14T16:29:52.970+0000] {logging_mixin.py:190} INFO - [2024-09-14T16:29:52.970+0000] {graph.py:529} INFO - Trying to parse the dbt project in `/opt/airflow/dags/dbt/dbttest` using dbt ls...
[2024-09-14T16:29:52.981+0000] {logging_mixin.py:190} INFO - [2024-09-14T16:29:52.980+0000] {graph.py:548} INFO - Partial parse is enabled and the latest partial parse file is /opt/airflow/dags/dbt/dbttest/target/partial_parse.msgpack
[2024-09-14T16:29:53.031+0000] {logging_mixin.py:190} INFO - [2024-09-14T16:29:53.031+0000] {config.py:320} INFO - Profile caching is enable.
[2024-09-14T16:29:53.033+0000] {logging_mixin.py:190} INFO - [2024-09-14T16:29:53.032+0000] {base.py:241} INFO - Using mock values for profile dbtvault_snowflake_demo
[2024-09-14T16:29:53.035+0000] {logging_mixin.py:190} INFO - [2024-09-14T16:29:53.035+0000] {config.py:307} INFO - Profile not found in cache storing and using profile: /tmp/cosmos/profile/47612a6a892229b64774850f18ac4623ab106db94de0f4abd94a492fdba1a801/profiles.yml.
[2024-09-14T16:29:53.047+0000] {logging_mixin.py:190} INFO - [2024-09-14T16:29:53.047+0000] {graph.py:136} INFO - Running command: `/home/airflow/.local/bin/dbt deps --project-dir /tmp/tmptvtac9mk --profiles-dir /tmp/cosmos/profile/47612a6a892229b64774850f18ac4623ab106db94de0f4abd94a492fdba1a801 --profile dbtvault_snowflake_demo --target dev`
[2024-09-14T16:30:00.717+0000] {logging_mixin.py:190} INFO - [2024-09-14T16:30:00.716+0000] {graph.py:136} INFO - Running command: `/home/airflow/.local/bin/dbt ls --output json --project-dir /tmp/tmptvtac9mk --profiles-dir /tmp/cosmos/profile/47612a6a892229b64774850f18ac4623ab106db94de0f4abd94a492fdba1a801 --profile dbtvault_snowflake_demo --target dev`
[2024-09-14T16:30:17.090+0000] {logging_mixin.py:190} INFO - [2024-09-14T16:30:17.089+0000] {cache.py:320} INFO - Cosmos performance: time to calculate cache identifier cosmos_cache__basic_cosmos_task_group__snowflake_transform for current version: 4.741858551000007
[2024-09-14T16:30:17.095+0000] {logging_mixin.py:190} INFO - [2024-09-14T16:30:17.095+0000] {crypto.py:82} WARNING - empty cryptography key - values will not be stored encrypted.
[2024-09-14T16:30:17.152+0000] {logging_mixin.py:190} INFO - [2024-09-14T16:30:17.152+0000] {graph.py:412} INFO - Total nodes: 43
[2024-09-14T16:30:17.153+0000] {logging_mixin.py:190} INFO - [2024-09-14T16:30:17.153+0000] {graph.py:413} INFO - Total filtered nodes: 43
[2024-09-14T16:30:17.155+0000] {logging_mixin.py:190} INFO - [2024-09-14T16:30:17.155+0000] {converter.py:265} INFO - Cosmos performance (basic_cosmos_task_group__snowflake_transform) -  [fa7123735072|201]: It took 24.2s to parse the dbt project for DAG using LoadMode.DBT_LS
[2024-09-14T16:30:17.546+0000] {logging_mixin.py:190} INFO - [2024-09-14T16:30:17.546+0000] {converter.py:309} INFO - Cosmos performance (basic_cosmos_task_group__snowflake_transform) - [fa7123735072|201]: It took 0.391s to build the Airflow DAG.
[2024-09-14T16:30:17.553+0000] {processor.py:925} INFO - DAG(s) 'basic_cosmos_task_group' retrieved from /opt/airflow/dags/deploy_dw.py
[2024-09-14T16:30:17.859+0000] {logging_mixin.py:190} INFO - [2024-09-14T16:30:17.858+0000] {override.py:1858} INFO - Created Permission View: can delete on DAG:basic_cosmos_task_group
[2024-09-14T16:30:17.886+0000] {logging_mixin.py:190} INFO - [2024-09-14T16:30:17.886+0000] {override.py:1858} INFO - Created Permission View: can edit on DAG:basic_cosmos_task_group
[2024-09-14T16:30:17.907+0000] {logging_mixin.py:190} INFO - [2024-09-14T16:30:17.906+0000] {override.py:1858} INFO - Created Permission View: can read on DAG:basic_cosmos_task_group
[2024-09-14T16:30:17.909+0000] {logging_mixin.py:190} INFO - [2024-09-14T16:30:17.908+0000] {dag.py:3211} INFO - Sync 1 DAGs
[2024-09-14T16:30:17.945+0000] {logging_mixin.py:190} INFO - [2024-09-14T16:30:17.945+0000] {dag.py:3234} INFO - Creating ORM DAG for basic_cosmos_task_group
[2024-09-14T16:30:17.972+0000] {logging_mixin.py:190} INFO - [2024-09-14T16:30:17.972+0000] {dag.py:4138} INFO - Setting next_dagrun for basic_cosmos_task_group to 2024-09-12 08:00:00+00:00, run_after=2024-09-13 08:00:00+00:00
[2024-09-14T16:30:18.024+0000] {processor.py:208} INFO - Processing /opt/airflow/dags/deploy_dw.py took 25.112 seconds
[2024-09-14T16:30:48.504+0000] {processor.py:186} INFO - Started process (PID=247) to work on /opt/airflow/dags/deploy_dw.py
[2024-09-14T16:30:48.509+0000] {processor.py:914} INFO - Processing file /opt/airflow/dags/deploy_dw.py for tasks to queue
[2024-09-14T16:30:48.526+0000] {logging_mixin.py:190} INFO - [2024-09-14T16:30:48.525+0000] {dagbag.py:587} INFO - Filling up the DagBag from /opt/airflow/dags/deploy_dw.py
[2024-09-14T16:30:48.628+0000] {logging_mixin.py:190} INFO - [2024-09-14T16:30:48.628+0000] {graph.py:471} INFO - Trying to parse the dbt project using dbt ls cache cosmos_cache__basic_cosmos_task_group__snowflake_transform...
[2024-09-14T16:30:54.517+0000] {logging_mixin.py:190} INFO - [2024-09-14T16:30:54.516+0000] {cache.py:320} INFO - Cosmos performance: time to calculate cache identifier cosmos_cache__basic_cosmos_task_group__snowflake_transform for current version: 5.8646391119999635
[2024-09-14T16:30:54.518+0000] {logging_mixin.py:190} INFO - [2024-09-14T16:30:54.518+0000] {graph.py:488} INFO - Cosmos performance [fa7123735072|247]: The cache size for cosmos_cache__basic_cosmos_task_group__snowflake_transform is 37577
[2024-09-14T16:30:54.522+0000] {logging_mixin.py:190} INFO - [2024-09-14T16:30:54.521+0000] {graph.py:496} INFO - Cosmos performance: Cache hit for cosmos_cache__basic_cosmos_task_group__snowflake_transform - b17a84f9f23e5dbde2769b54d3afdeca,d41d8cd98f00b204e9800998ecf8427e
[2024-09-14T16:30:54.537+0000] {logging_mixin.py:190} INFO - [2024-09-14T16:30:54.537+0000] {graph.py:412} INFO - Total nodes: 43
[2024-09-14T16:30:54.538+0000] {logging_mixin.py:190} INFO - [2024-09-14T16:30:54.538+0000] {graph.py:413} INFO - Total filtered nodes: 43
[2024-09-14T16:30:54.539+0000] {logging_mixin.py:190} INFO - [2024-09-14T16:30:54.539+0000] {converter.py:265} INFO - Cosmos performance (basic_cosmos_task_group__snowflake_transform) -  [fa7123735072|247]: It took 5.91s to parse the dbt project for DAG using LoadMode.DBT_LS_CACHE
[2024-09-14T16:30:54.803+0000] {logging_mixin.py:190} INFO - [2024-09-14T16:30:54.802+0000] {converter.py:309} INFO - Cosmos performance (basic_cosmos_task_group__snowflake_transform) - [fa7123735072|247]: It took 0.264s to build the Airflow DAG.
[2024-09-14T16:30:54.805+0000] {processor.py:925} INFO - DAG(s) 'basic_cosmos_task_group' retrieved from /opt/airflow/dags/deploy_dw.py
[2024-09-14T16:30:54.911+0000] {logging_mixin.py:190} INFO - [2024-09-14T16:30:54.910+0000] {dag.py:3211} INFO - Sync 1 DAGs
[2024-09-14T16:30:54.977+0000] {logging_mixin.py:190} INFO - [2024-09-14T16:30:54.976+0000] {dag.py:4138} INFO - Setting next_dagrun for basic_cosmos_task_group to 2024-09-12 08:00:00+00:00, run_after=2024-09-13 08:00:00+00:00
[2024-09-14T16:30:55.028+0000] {processor.py:208} INFO - Processing /opt/airflow/dags/deploy_dw.py took 6.539 seconds
[2024-09-14T16:31:25.218+0000] {processor.py:186} INFO - Started process (PID=264) to work on /opt/airflow/dags/deploy_dw.py
[2024-09-14T16:31:25.220+0000] {processor.py:914} INFO - Processing file /opt/airflow/dags/deploy_dw.py for tasks to queue
[2024-09-14T16:31:25.222+0000] {logging_mixin.py:190} INFO - [2024-09-14T16:31:25.222+0000] {dagbag.py:587} INFO - Filling up the DagBag from /opt/airflow/dags/deploy_dw.py
[2024-09-14T16:31:25.242+0000] {logging_mixin.py:190} INFO - [2024-09-14T16:31:25.242+0000] {graph.py:471} INFO - Trying to parse the dbt project using dbt ls cache cosmos_cache__basic_cosmos_task_group__snowflake_transform...
[2024-09-14T16:31:28.082+0000] {logging_mixin.py:190} INFO - [2024-09-14T16:31:28.081+0000] {cache.py:320} INFO - Cosmos performance: time to calculate cache identifier cosmos_cache__basic_cosmos_task_group__snowflake_transform for current version: 2.8262811009999496
[2024-09-14T16:31:28.082+0000] {logging_mixin.py:190} INFO - [2024-09-14T16:31:28.082+0000] {graph.py:488} INFO - Cosmos performance [fa7123735072|264]: The cache size for cosmos_cache__basic_cosmos_task_group__snowflake_transform is 37577
[2024-09-14T16:31:28.084+0000] {logging_mixin.py:190} INFO - [2024-09-14T16:31:28.084+0000] {graph.py:496} INFO - Cosmos performance: Cache hit for cosmos_cache__basic_cosmos_task_group__snowflake_transform - b17a84f9f23e5dbde2769b54d3afdeca,d41d8cd98f00b204e9800998ecf8427e
[2024-09-14T16:31:28.085+0000] {logging_mixin.py:190} INFO - [2024-09-14T16:31:28.085+0000] {graph.py:412} INFO - Total nodes: 43
[2024-09-14T16:31:28.086+0000] {logging_mixin.py:190} INFO - [2024-09-14T16:31:28.085+0000] {graph.py:413} INFO - Total filtered nodes: 43
[2024-09-14T16:31:28.086+0000] {logging_mixin.py:190} INFO - [2024-09-14T16:31:28.086+0000] {converter.py:265} INFO - Cosmos performance (basic_cosmos_task_group__snowflake_transform) -  [fa7123735072|264]: It took 2.84s to parse the dbt project for DAG using LoadMode.DBT_LS_CACHE
[2024-09-14T16:31:28.210+0000] {logging_mixin.py:190} INFO - [2024-09-14T16:31:28.210+0000] {converter.py:309} INFO - Cosmos performance (basic_cosmos_task_group__snowflake_transform) - [fa7123735072|264]: It took 0.124s to build the Airflow DAG.
[2024-09-14T16:31:28.212+0000] {processor.py:925} INFO - DAG(s) 'basic_cosmos_task_group' retrieved from /opt/airflow/dags/deploy_dw.py
[2024-09-14T16:31:28.259+0000] {logging_mixin.py:190} INFO - [2024-09-14T16:31:28.258+0000] {dag.py:3211} INFO - Sync 1 DAGs
[2024-09-14T16:31:28.288+0000] {logging_mixin.py:190} INFO - [2024-09-14T16:31:28.287+0000] {dag.py:4138} INFO - Setting next_dagrun for basic_cosmos_task_group to 2024-09-12 08:00:00+00:00, run_after=2024-09-13 08:00:00+00:00
[2024-09-14T16:31:28.309+0000] {processor.py:208} INFO - Processing /opt/airflow/dags/deploy_dw.py took 3.097 seconds
[2024-09-14T16:31:58.976+0000] {processor.py:186} INFO - Started process (PID=275) to work on /opt/airflow/dags/deploy_dw.py
[2024-09-14T16:31:58.977+0000] {processor.py:914} INFO - Processing file /opt/airflow/dags/deploy_dw.py for tasks to queue
[2024-09-14T16:31:58.981+0000] {logging_mixin.py:190} INFO - [2024-09-14T16:31:58.980+0000] {dagbag.py:587} INFO - Filling up the DagBag from /opt/airflow/dags/deploy_dw.py
[2024-09-14T16:31:59.006+0000] {logging_mixin.py:190} INFO - [2024-09-14T16:31:59.005+0000] {graph.py:471} INFO - Trying to parse the dbt project using dbt ls cache cosmos_cache__basic_cosmos_task_group__snowflake_transform...
[2024-09-14T16:32:01.539+0000] {logging_mixin.py:190} INFO - [2024-09-14T16:32:01.539+0000] {cache.py:320} INFO - Cosmos performance: time to calculate cache identifier cosmos_cache__basic_cosmos_task_group__snowflake_transform for current version: 2.5203287559999694
[2024-09-14T16:32:01.540+0000] {logging_mixin.py:190} INFO - [2024-09-14T16:32:01.540+0000] {graph.py:488} INFO - Cosmos performance [fa7123735072|275]: The cache size for cosmos_cache__basic_cosmos_task_group__snowflake_transform is 37577
[2024-09-14T16:32:01.542+0000] {logging_mixin.py:190} INFO - [2024-09-14T16:32:01.542+0000] {graph.py:496} INFO - Cosmos performance: Cache hit for cosmos_cache__basic_cosmos_task_group__snowflake_transform - b17a84f9f23e5dbde2769b54d3afdeca,d41d8cd98f00b204e9800998ecf8427e
[2024-09-14T16:32:01.543+0000] {logging_mixin.py:190} INFO - [2024-09-14T16:32:01.543+0000] {graph.py:412} INFO - Total nodes: 43
[2024-09-14T16:32:01.543+0000] {logging_mixin.py:190} INFO - [2024-09-14T16:32:01.543+0000] {graph.py:413} INFO - Total filtered nodes: 43
[2024-09-14T16:32:01.544+0000] {logging_mixin.py:190} INFO - [2024-09-14T16:32:01.544+0000] {converter.py:265} INFO - Cosmos performance (basic_cosmos_task_group__snowflake_transform) -  [fa7123735072|275]: It took 2.54s to parse the dbt project for DAG using LoadMode.DBT_LS_CACHE
[2024-09-14T16:32:01.660+0000] {logging_mixin.py:190} INFO - [2024-09-14T16:32:01.660+0000] {converter.py:309} INFO - Cosmos performance (basic_cosmos_task_group__snowflake_transform) - [fa7123735072|275]: It took 0.116s to build the Airflow DAG.
[2024-09-14T16:32:01.661+0000] {processor.py:925} INFO - DAG(s) 'basic_cosmos_task_group' retrieved from /opt/airflow/dags/deploy_dw.py
[2024-09-14T16:32:01.704+0000] {logging_mixin.py:190} INFO - [2024-09-14T16:32:01.703+0000] {dag.py:3211} INFO - Sync 1 DAGs
[2024-09-14T16:32:01.731+0000] {logging_mixin.py:190} INFO - [2024-09-14T16:32:01.731+0000] {dag.py:4138} INFO - Setting next_dagrun for basic_cosmos_task_group to 2024-09-12 08:00:00+00:00, run_after=2024-09-13 08:00:00+00:00
[2024-09-14T16:32:01.758+0000] {processor.py:208} INFO - Processing /opt/airflow/dags/deploy_dw.py took 2.789 seconds
